<?xml version="1.0" encoding="UTF-8"?>
<testsuite xmlns:xsi="http://www.w3.org/2001/XMLSchema-instance" xsi:noNamespaceSchemaLocation="https://maven.apache.org/surefire/maven-surefire-plugin/xsd/surefire-test-report-3.0.xsd" version="3.0" name="TestSuite" time="18.445" tests="3" errors="0" skipped="0" failures="0">
  <properties>
    <property name="java.specification.version" value="15"/>
    <property name="sun.jnu.encoding" value="UTF-8"/>
    <property name="java.class.path" value="/Users/vasudevansugumar/Documents/eclipse-workspace/WeatherApiAutomate/target/test-classes:/Users/vasudevansugumar/Documents/eclipse-workspace/WeatherApiAutomate/target/classes:/Users/vasudevansugumar/.m2/repository/io/rest-assured/rest-assured/5.3.0/rest-assured-5.3.0.jar:/Users/vasudevansugumar/.m2/repository/org/apache/groovy/groovy/4.0.6/groovy-4.0.6.jar:/Users/vasudevansugumar/.m2/repository/org/apache/groovy/groovy-xml/4.0.6/groovy-xml-4.0.6.jar:/Users/vasudevansugumar/.m2/repository/org/apache/httpcomponents/httpclient/4.5.13/httpclient-4.5.13.jar:/Users/vasudevansugumar/.m2/repository/org/apache/httpcomponents/httpcore/4.4.13/httpcore-4.4.13.jar:/Users/vasudevansugumar/.m2/repository/commons-logging/commons-logging/1.2/commons-logging-1.2.jar:/Users/vasudevansugumar/.m2/repository/commons-codec/commons-codec/1.11/commons-codec-1.11.jar:/Users/vasudevansugumar/.m2/repository/org/apache/httpcomponents/httpmime/4.5.13/httpmime-4.5.13.jar:/Users/vasudevansugumar/.m2/repository/org/hamcrest/hamcrest/2.1/hamcrest-2.1.jar:/Users/vasudevansugumar/.m2/repository/org/ccil/cowan/tagsoup/tagsoup/1.2.1/tagsoup-1.2.1.jar:/Users/vasudevansugumar/.m2/repository/io/rest-assured/json-path/5.3.0/json-path-5.3.0.jar:/Users/vasudevansugumar/.m2/repository/org/apache/groovy/groovy-json/4.0.6/groovy-json-4.0.6.jar:/Users/vasudevansugumar/.m2/repository/io/rest-assured/rest-assured-common/5.3.0/rest-assured-common-5.3.0.jar:/Users/vasudevansugumar/.m2/repository/io/rest-assured/xml-path/5.3.0/xml-path-5.3.0.jar:/Users/vasudevansugumar/.m2/repository/org/apache/commons/commons-lang3/3.11/commons-lang3-3.11.jar:/Users/vasudevansugumar/.m2/repository/org/testng/testng/7.7.1/testng-7.7.1.jar:/Users/vasudevansugumar/.m2/repository/org/slf4j/slf4j-api/1.7.36/slf4j-api-1.7.36.jar:/Users/vasudevansugumar/.m2/repository/com/beust/jcommander/1.82/jcommander-1.82.jar:/Users/vasudevansugumar/.m2/repository/org/webjars/jquery/3.6.1/jquery-3.6.1.jar:/Users/vasudevansugumar/.m2/repository/com/googlecode/json-simple/json-simple/1.1.1/json-simple-1.1.1.jar:/Users/vasudevansugumar/.m2/repository/junit/junit/4.10/junit-4.10.jar:/Users/vasudevansugumar/.m2/repository/org/hamcrest/hamcrest-core/1.1/hamcrest-core-1.1.jar:/Users/vasudevansugumar/.m2/repository/commons-io/commons-io/2.11.0/commons-io-2.11.0.jar:/Users/vasudevansugumar/.m2/repository/org/apache/logging/log4j/log4j-core/2.20.0/log4j-core-2.20.0.jar:/Users/vasudevansugumar/.m2/repository/org/apache/logging/log4j/log4j-api/2.20.0/log4j-api-2.20.0.jar:/Users/vasudevansugumar/.m2/repository/org/apache/maven/plugins/maven-surefire-plugin/3.0.0-M9/maven-surefire-plugin-3.0.0-M9.jar:/Users/vasudevansugumar/.m2/repository/org/apache/maven/surefire/maven-surefire-common/3.0.0-M9/maven-surefire-common-3.0.0-M9.jar:/Users/vasudevansugumar/.m2/repository/org/apache/maven/surefire/surefire-api/3.0.0-M9/surefire-api-3.0.0-M9.jar:/Users/vasudevansugumar/.m2/repository/org/apache/maven/surefire/surefire-logger-api/3.0.0-M9/surefire-logger-api-3.0.0-M9.jar:/Users/vasudevansugumar/.m2/repository/org/apache/maven/surefire/surefire-extensions-api/3.0.0-M9/surefire-extensions-api-3.0.0-M9.jar:/Users/vasudevansugumar/.m2/repository/org/apache/maven/surefire/surefire-booter/3.0.0-M9/surefire-booter-3.0.0-M9.jar:/Users/vasudevansugumar/.m2/repository/org/apache/maven/surefire/surefire-extensions-spi/3.0.0-M9/surefire-extensions-spi-3.0.0-M9.jar:/Users/vasudevansugumar/.m2/repository/org/apache/maven/shared/maven-common-artifact-filters/3.1.1/maven-common-artifact-filters-3.1.1.jar:/Users/vasudevansugumar/.m2/repository/org/apache/maven/maven-artifact/3.1.0/maven-artifact-3.1.0.jar:/Users/vasudevansugumar/.m2/repository/org/codehaus/plexus/plexus-utils/3.0.10/plexus-utils-3.0.10.jar:/Users/vasudevansugumar/.m2/repository/org/apache/maven/maven-core/3.1.0/maven-core-3.1.0.jar:/Users/vasudevansugumar/.m2/repository/org/apache/maven/maven-settings/3.1.0/maven-settings-3.1.0.jar:/Users/vasudevansugumar/.m2/repository/org/apache/maven/maven-settings-builder/3.1.0/maven-settings-builder-3.1.0.jar:/Users/vasudevansugumar/.m2/repository/org/apache/maven/maven-repository-metadata/3.1.0/maven-repository-metadata-3.1.0.jar:/Users/vasudevansugumar/.m2/repository/org/apache/maven/maven-model-builder/3.1.0/maven-model-builder-3.1.0.jar:/Users/vasudevansugumar/.m2/repository/org/apache/maven/maven-aether-provider/3.1.0/maven-aether-provider-3.1.0.jar:/Users/vasudevansugumar/.m2/repository/org/eclipse/aether/aether-spi/0.9.0.M2/aether-spi-0.9.0.M2.jar:/Users/vasudevansugumar/.m2/repository/org/eclipse/aether/aether-impl/0.9.0.M2/aether-impl-0.9.0.M2.jar:/Users/vasudevansugumar/.m2/repository/org/eclipse/aether/aether-api/0.9.0.M2/aether-api-0.9.0.M2.jar:/Users/vasudevansugumar/.m2/repository/org/eclipse/aether/aether-util/0.9.0.M2/aether-util-0.9.0.M2.jar:/Users/vasudevansugumar/.m2/repository/org/eclipse/sisu/org.eclipse.sisu.plexus/0.0.0.M2a/org.eclipse.sisu.plexus-0.0.0.M2a.jar:/Users/vasudevansugumar/.m2/repository/javax/enterprise/cdi-api/1.0/cdi-api-1.0.jar:/Users/vasudevansugumar/.m2/repository/javax/annotation/jsr250-api/1.0/jsr250-api-1.0.jar:/Users/vasudevansugumar/.m2/repository/javax/inject/javax.inject/1/javax.inject-1.jar:/Users/vasudevansugumar/.m2/repository/com/google/guava/guava/10.0.1/guava-10.0.1.jar:/Users/vasudevansugumar/.m2/repository/com/google/code/findbugs/jsr305/1.3.9/jsr305-1.3.9.jar:/Users/vasudevansugumar/.m2/repository/org/sonatype/sisu/sisu-guice/3.1.0/sisu-guice-3.1.0-no_aop.jar:/Users/vasudevansugumar/.m2/repository/aopalliance/aopalliance/1.0/aopalliance-1.0.jar:/Users/vasudevansugumar/.m2/repository/org/eclipse/sisu/org.eclipse.sisu.inject/0.0.0.M2a/org.eclipse.sisu.inject-0.0.0.M2a.jar:/Users/vasudevansugumar/.m2/repository/asm/asm/3.3.1/asm-3.3.1.jar:/Users/vasudevansugumar/.m2/repository/org/codehaus/plexus/plexus-interpolation/1.16/plexus-interpolation-1.16.jar:/Users/vasudevansugumar/.m2/repository/org/codehaus/plexus/plexus-classworlds/2.4.2/plexus-classworlds-2.4.2.jar:/Users/vasudevansugumar/.m2/repository/org/codehaus/plexus/plexus-component-annotations/1.5.5/plexus-component-annotations-1.5.5.jar:/Users/vasudevansugumar/.m2/repository/org/sonatype/plexus/plexus-sec-dispatcher/1.3/plexus-sec-dispatcher-1.3.jar:/Users/vasudevansugumar/.m2/repository/org/sonatype/plexus/plexus-cipher/1.4/plexus-cipher-1.4.jar:/Users/vasudevansugumar/.m2/repository/org/apache/maven/maven-plugin-api/3.1.0/maven-plugin-api-3.1.0.jar:/Users/vasudevansugumar/.m2/repository/org/codehaus/plexus/plexus-java/1.1.2/plexus-java-1.1.2.jar:/Users/vasudevansugumar/.m2/repository/org/ow2/asm/asm/9.4/asm-9.4.jar:/Users/vasudevansugumar/.m2/repository/com/thoughtworks/qdox/qdox/2.0.3/qdox-2.0.3.jar:/Users/vasudevansugumar/.m2/repository/org/apache/maven/surefire/surefire-shared-utils/3.0.0-M9/surefire-shared-utils-3.0.0-M9.jar:"/>
    <property name="java.vm.vendor" value="Oracle Corporation"/>
    <property name="sun.arch.data.model" value="64"/>
    <property name="java.vendor.url" value="https://openjdk.java.net/"/>
    <property name="user.timezone" value="Australia/Sydney"/>
    <property name="os.name" value="Mac OS X"/>
    <property name="java.vm.specification.version" value="15"/>
    <property name="sun.java.launcher" value="SUN_STANDARD"/>
    <property name="user.country" value="AU"/>
    <property name="sun.boot.library.path" value="/usr/local/Cellar/openjdk/15.0.2/libexec/openjdk.jdk/Contents/Home/lib"/>
    <property name="sun.java.command" value="/Users/vasudevansugumar/Documents/eclipse-workspace/WeatherApiAutomate/target/surefire/surefirebooter-20230305194206471_3.jar /Users/vasudevansugumar/Documents/eclipse-workspace/WeatherApiAutomate/target/surefire 2023-03-05T19-42-06_257-jvmRun1 surefire-20230305194206471_1tmp surefire_0-20230305194206471_2tmp"/>
    <property name="http.nonProxyHosts" value="local|*.local|169.254/16|*.169.254/16"/>
    <property name="jdk.debug" value="release"/>
    <property name="surefire.test.class.path" value="/Users/vasudevansugumar/Documents/eclipse-workspace/WeatherApiAutomate/target/test-classes:/Users/vasudevansugumar/Documents/eclipse-workspace/WeatherApiAutomate/target/classes:/Users/vasudevansugumar/.m2/repository/io/rest-assured/rest-assured/5.3.0/rest-assured-5.3.0.jar:/Users/vasudevansugumar/.m2/repository/org/apache/groovy/groovy/4.0.6/groovy-4.0.6.jar:/Users/vasudevansugumar/.m2/repository/org/apache/groovy/groovy-xml/4.0.6/groovy-xml-4.0.6.jar:/Users/vasudevansugumar/.m2/repository/org/apache/httpcomponents/httpclient/4.5.13/httpclient-4.5.13.jar:/Users/vasudevansugumar/.m2/repository/org/apache/httpcomponents/httpcore/4.4.13/httpcore-4.4.13.jar:/Users/vasudevansugumar/.m2/repository/commons-logging/commons-logging/1.2/commons-logging-1.2.jar:/Users/vasudevansugumar/.m2/repository/commons-codec/commons-codec/1.11/commons-codec-1.11.jar:/Users/vasudevansugumar/.m2/repository/org/apache/httpcomponents/httpmime/4.5.13/httpmime-4.5.13.jar:/Users/vasudevansugumar/.m2/repository/org/hamcrest/hamcrest/2.1/hamcrest-2.1.jar:/Users/vasudevansugumar/.m2/repository/org/ccil/cowan/tagsoup/tagsoup/1.2.1/tagsoup-1.2.1.jar:/Users/vasudevansugumar/.m2/repository/io/rest-assured/json-path/5.3.0/json-path-5.3.0.jar:/Users/vasudevansugumar/.m2/repository/org/apache/groovy/groovy-json/4.0.6/groovy-json-4.0.6.jar:/Users/vasudevansugumar/.m2/repository/io/rest-assured/rest-assured-common/5.3.0/rest-assured-common-5.3.0.jar:/Users/vasudevansugumar/.m2/repository/io/rest-assured/xml-path/5.3.0/xml-path-5.3.0.jar:/Users/vasudevansugumar/.m2/repository/org/apache/commons/commons-lang3/3.11/commons-lang3-3.11.jar:/Users/vasudevansugumar/.m2/repository/org/testng/testng/7.7.1/testng-7.7.1.jar:/Users/vasudevansugumar/.m2/repository/org/slf4j/slf4j-api/1.7.36/slf4j-api-1.7.36.jar:/Users/vasudevansugumar/.m2/repository/com/beust/jcommander/1.82/jcommander-1.82.jar:/Users/vasudevansugumar/.m2/repository/org/webjars/jquery/3.6.1/jquery-3.6.1.jar:/Users/vasudevansugumar/.m2/repository/com/googlecode/json-simple/json-simple/1.1.1/json-simple-1.1.1.jar:/Users/vasudevansugumar/.m2/repository/junit/junit/4.10/junit-4.10.jar:/Users/vasudevansugumar/.m2/repository/org/hamcrest/hamcrest-core/1.1/hamcrest-core-1.1.jar:/Users/vasudevansugumar/.m2/repository/commons-io/commons-io/2.11.0/commons-io-2.11.0.jar:/Users/vasudevansugumar/.m2/repository/org/apache/logging/log4j/log4j-core/2.20.0/log4j-core-2.20.0.jar:/Users/vasudevansugumar/.m2/repository/org/apache/logging/log4j/log4j-api/2.20.0/log4j-api-2.20.0.jar:/Users/vasudevansugumar/.m2/repository/org/apache/maven/plugins/maven-surefire-plugin/3.0.0-M9/maven-surefire-plugin-3.0.0-M9.jar:/Users/vasudevansugumar/.m2/repository/org/apache/maven/surefire/maven-surefire-common/3.0.0-M9/maven-surefire-common-3.0.0-M9.jar:/Users/vasudevansugumar/.m2/repository/org/apache/maven/surefire/surefire-api/3.0.0-M9/surefire-api-3.0.0-M9.jar:/Users/vasudevansugumar/.m2/repository/org/apache/maven/surefire/surefire-logger-api/3.0.0-M9/surefire-logger-api-3.0.0-M9.jar:/Users/vasudevansugumar/.m2/repository/org/apache/maven/surefire/surefire-extensions-api/3.0.0-M9/surefire-extensions-api-3.0.0-M9.jar:/Users/vasudevansugumar/.m2/repository/org/apache/maven/surefire/surefire-booter/3.0.0-M9/surefire-booter-3.0.0-M9.jar:/Users/vasudevansugumar/.m2/repository/org/apache/maven/surefire/surefire-extensions-spi/3.0.0-M9/surefire-extensions-spi-3.0.0-M9.jar:/Users/vasudevansugumar/.m2/repository/org/apache/maven/shared/maven-common-artifact-filters/3.1.1/maven-common-artifact-filters-3.1.1.jar:/Users/vasudevansugumar/.m2/repository/org/apache/maven/maven-artifact/3.1.0/maven-artifact-3.1.0.jar:/Users/vasudevansugumar/.m2/repository/org/codehaus/plexus/plexus-utils/3.0.10/plexus-utils-3.0.10.jar:/Users/vasudevansugumar/.m2/repository/org/apache/maven/maven-core/3.1.0/maven-core-3.1.0.jar:/Users/vasudevansugumar/.m2/repository/org/apache/maven/maven-settings/3.1.0/maven-settings-3.1.0.jar:/Users/vasudevansugumar/.m2/repository/org/apache/maven/maven-settings-builder/3.1.0/maven-settings-builder-3.1.0.jar:/Users/vasudevansugumar/.m2/repository/org/apache/maven/maven-repository-metadata/3.1.0/maven-repository-metadata-3.1.0.jar:/Users/vasudevansugumar/.m2/repository/org/apache/maven/maven-model-builder/3.1.0/maven-model-builder-3.1.0.jar:/Users/vasudevansugumar/.m2/repository/org/apache/maven/maven-aether-provider/3.1.0/maven-aether-provider-3.1.0.jar:/Users/vasudevansugumar/.m2/repository/org/eclipse/aether/aether-spi/0.9.0.M2/aether-spi-0.9.0.M2.jar:/Users/vasudevansugumar/.m2/repository/org/eclipse/aether/aether-impl/0.9.0.M2/aether-impl-0.9.0.M2.jar:/Users/vasudevansugumar/.m2/repository/org/eclipse/aether/aether-api/0.9.0.M2/aether-api-0.9.0.M2.jar:/Users/vasudevansugumar/.m2/repository/org/eclipse/aether/aether-util/0.9.0.M2/aether-util-0.9.0.M2.jar:/Users/vasudevansugumar/.m2/repository/org/eclipse/sisu/org.eclipse.sisu.plexus/0.0.0.M2a/org.eclipse.sisu.plexus-0.0.0.M2a.jar:/Users/vasudevansugumar/.m2/repository/javax/enterprise/cdi-api/1.0/cdi-api-1.0.jar:/Users/vasudevansugumar/.m2/repository/javax/annotation/jsr250-api/1.0/jsr250-api-1.0.jar:/Users/vasudevansugumar/.m2/repository/javax/inject/javax.inject/1/javax.inject-1.jar:/Users/vasudevansugumar/.m2/repository/com/google/guava/guava/10.0.1/guava-10.0.1.jar:/Users/vasudevansugumar/.m2/repository/com/google/code/findbugs/jsr305/1.3.9/jsr305-1.3.9.jar:/Users/vasudevansugumar/.m2/repository/org/sonatype/sisu/sisu-guice/3.1.0/sisu-guice-3.1.0-no_aop.jar:/Users/vasudevansugumar/.m2/repository/aopalliance/aopalliance/1.0/aopalliance-1.0.jar:/Users/vasudevansugumar/.m2/repository/org/eclipse/sisu/org.eclipse.sisu.inject/0.0.0.M2a/org.eclipse.sisu.inject-0.0.0.M2a.jar:/Users/vasudevansugumar/.m2/repository/asm/asm/3.3.1/asm-3.3.1.jar:/Users/vasudevansugumar/.m2/repository/org/codehaus/plexus/plexus-interpolation/1.16/plexus-interpolation-1.16.jar:/Users/vasudevansugumar/.m2/repository/org/codehaus/plexus/plexus-classworlds/2.4.2/plexus-classworlds-2.4.2.jar:/Users/vasudevansugumar/.m2/repository/org/codehaus/plexus/plexus-component-annotations/1.5.5/plexus-component-annotations-1.5.5.jar:/Users/vasudevansugumar/.m2/repository/org/sonatype/plexus/plexus-sec-dispatcher/1.3/plexus-sec-dispatcher-1.3.jar:/Users/vasudevansugumar/.m2/repository/org/sonatype/plexus/plexus-cipher/1.4/plexus-cipher-1.4.jar:/Users/vasudevansugumar/.m2/repository/org/apache/maven/maven-plugin-api/3.1.0/maven-plugin-api-3.1.0.jar:/Users/vasudevansugumar/.m2/repository/org/codehaus/plexus/plexus-java/1.1.2/plexus-java-1.1.2.jar:/Users/vasudevansugumar/.m2/repository/org/ow2/asm/asm/9.4/asm-9.4.jar:/Users/vasudevansugumar/.m2/repository/com/thoughtworks/qdox/qdox/2.0.3/qdox-2.0.3.jar:/Users/vasudevansugumar/.m2/repository/org/apache/maven/surefire/surefire-shared-utils/3.0.0-M9/surefire-shared-utils-3.0.0-M9.jar:"/>
    <property name="sun.cpu.endian" value="little"/>
    <property name="user.home" value="/Users/vasudevansugumar"/>
    <property name="user.language" value="en"/>
    <property name="java.specification.vendor" value="Oracle Corporation"/>
    <property name="java.version.date" value="2021-01-19"/>
    <property name="java.home" value="/usr/local/Cellar/openjdk/15.0.2/libexec/openjdk.jdk/Contents/Home"/>
    <property name="file.separator" value="/"/>
    <property name="basedir" value="/Users/vasudevansugumar/Documents/eclipse-workspace/WeatherApiAutomate"/>
    <property name="java.vm.compressedOopsMode" value="Zero based"/>
    <property name="line.separator" value="&#10;"/>
    <property name="java.specification.name" value="Java Platform API Specification"/>
    <property name="java.vm.specification.vendor" value="Oracle Corporation"/>
    <property name="surefire.real.class.path" value="/Users/vasudevansugumar/Documents/eclipse-workspace/WeatherApiAutomate/target/surefire/surefirebooter-20230305194206471_3.jar"/>
    <property name="sun.management.compiler" value="HotSpot 64-Bit Tiered Compilers"/>
    <property name="ftp.nonProxyHosts" value="local|*.local|169.254/16|*.169.254/16"/>
    <property name="java.runtime.version" value="15.0.2+7"/>
    <property name="user.name" value="vasudevansugumar"/>
    <property name="path.separator" value=":"/>
    <property name="os.version" value="10.16"/>
    <property name="java.runtime.name" value="OpenJDK Runtime Environment"/>
    <property name="file.encoding" value="UTF-8"/>
    <property name="testGroup" value="com/weather/api/automate"/>
    <property name="java.vm.name" value="OpenJDK 64-Bit Server VM"/>
    <property name="localRepository" value="/Users/vasudevansugumar/.m2/repository"/>
    <property name="java.vendor.url.bug" value="https://bugreport.java.com/bugreport/"/>
    <property name="java.io.tmpdir" value="/var/folders/cf/2bfmkrnd35788812c96gr40c0000gn/T/"/>
    <property name="java.version" value="15.0.2"/>
    <property name="user.dir" value="/Users/vasudevansugumar/Documents/eclipse-workspace/WeatherApiAutomate"/>
    <property name="os.arch" value="x86_64"/>
    <property name="java.vm.specification.name" value="Java Virtual Machine Specification"/>
    <property name="java.library.path" value="/Users/vasudevansugumar/Library/Java/Extensions:/Library/Java/Extensions:/Network/Library/Java/Extensions:/System/Library/Java/Extensions:/usr/lib/java:."/>
    <property name="java.vm.info" value="mixed mode, sharing"/>
    <property name="java.vendor" value="N/A"/>
    <property name="java.vm.version" value="15.0.2+7"/>
    <property name="sun.io.unicode.encoding" value="UnicodeBig"/>
    <property name="socksNonProxyHosts" value="local|*.local|169.254/16|*.169.254/16"/>
    <property name="java.class.version" value="59.0"/>
  </properties>
  <testcase name="TestWeatherForMultipleCities" classname="com.weather.api.automate.CitiesWeatherDataTest" time="10.572">
    <system-err><![CDATA[SLF4J: Failed to load class "org.slf4j.impl.StaticLoggerBinder".
SLF4J: Defaulting to no-operation (NOP) logger implementation
SLF4J: See http://www.slf4j.org/codes.html#StaticLoggerBinder for further details.
Mar 05, 2023 7:42:07 PM com.weather.api.automate.CitiesWeatherDataTest TestWeatherForMultipleCities
INFO: As a frequent flyer, I want to get current weather data for multiple
cities in the world
Mar 05, 2023 7:42:08 PM com.weather.api.automate.CitiesWeatherDataTest TestWeatherForMultipleCities
INFO: The current user is a valid Frequent Flyer member
Mar 05, 2023 7:42:09 PM com.weather.api.automate.CitiesWeatherDataTest TestWeatherForMultipleCities
INFO: Weather for the city Russellville is: 6.8
Mar 05, 2023 7:42:10 PM com.weather.api.automate.CitiesWeatherDataTest TestWeatherForMultipleCities
INFO: Weather for the city New Delhi is: 29.0
Mar 05, 2023 7:42:11 PM com.weather.api.automate.CitiesWeatherDataTest TestWeatherForMultipleCities
INFO: Weather for the city Andorra la Vella is: 1.2
Mar 05, 2023 7:42:12 PM com.weather.api.automate.CitiesWeatherDataTest TestWeatherForMultipleCities
INFO: Weather for the city North Little Rock is: 7.8
Mar 05, 2023 7:42:13 PM com.weather.api.automate.CitiesWeatherDataTest TestWeatherForMultipleCities
INFO: Weather for the city Paragould is: 7.4
Mar 05, 2023 7:42:14 PM com.weather.api.automate.CitiesWeatherDataTest TestWeatherForMultipleCities
INFO: Weather for the city Washington, D.C. is: 7.3
Mar 05, 2023 7:42:15 PM com.weather.api.automate.CitiesWeatherDataTest TestWeatherForMultipleCities
INFO: Weather for the city Little Rock is: 7.8
Mar 05, 2023 7:42:16 PM com.weather.api.automate.CitiesWeatherDataTest TestWeatherForMultipleCities
INFO: Weather for the city Rogers is: 7.0
Mar 05, 2023 7:42:17 PM com.weather.api.automate.CitiesWeatherDataTest TestWeatherForMultipleCities
INFO: Weather for the city Maumelle is: 6.1
Mar 05, 2023 7:42:18 PM com.weather.api.automate.CitiesWeatherDataTest TestWeatherForMultipleCities
INFO: Weather for the city Pine Bluff is: 6.1
]]></system-err>
  </testcase>
  <testcase name="FindWarmestCapitalCityInAustrlia" classname="com.weather.api.automate.CurrentWarmCity" time="6.261">
    <system-err><![CDATA[Mar 05, 2023 7:42:18 PM com.weather.api.automate.CurrentWarmCity FindWarmestCapitalCityInAustrlia
INFO: As a frequent flyer, I want to programmatically find thecurrent warmest capital city in Australia
Mar 05, 2023 7:42:18 PM com.weather.api.automate.CurrentWarmCity FindWarmestCapitalCityInAustrlia
INFO: The current user is a valid Frequent Flyer member
Mar 05, 2023 7:42:18 PM com.weather.api.automate.CurrentWarmCity FindWarmestCapitalCityInAustrlia
INFO: Weather for the city Hobart is: 14.6
Mar 05, 2023 7:42:19 PM com.weather.api.automate.CurrentWarmCity FindWarmestCapitalCityInAustrlia
INFO: Weather for the city Canberra is: 27.8
Mar 05, 2023 7:42:20 PM com.weather.api.automate.CurrentWarmCity FindWarmestCapitalCityInAustrlia
INFO: Weather for the city Sydney is: 24.4
Mar 05, 2023 7:42:21 PM com.weather.api.automate.CurrentWarmCity FindWarmestCapitalCityInAustrlia
INFO: Weather for the city Brisbane is: 25.0
Mar 05, 2023 7:42:22 PM com.weather.api.automate.CurrentWarmCity FindWarmestCapitalCityInAustrlia
INFO: Weather for the city Melbourne is: 21.7
Mar 05, 2023 7:42:23 PM com.weather.api.automate.CurrentWarmCity FindWarmestCapitalCityInAustrlia
INFO: Weather for the city Darwin is: 30.0
Mar 05, 2023 7:42:24 PM com.weather.api.automate.CurrentWarmCity FindWarmestCapitalCityInAustrlia
INFO: Weather for the city Perth is: 25.0
Mar 05, 2023 7:42:24 PM com.weather.api.automate.CurrentWarmCity FindWarmestCapitalCityInAustrlia
INFO: Warmest city is Darwin is: 30.0
]]></system-err>
  </testcase>
  <testcase name="TestWeatherDataLatLong" classname="com.weather.api.automate.LatLongWeatherData" time="0.808">
    <system-err><![CDATA[Mar 05, 2023 7:42:24 PM com.weather.api.automate.LatLongWeatherData TestWeatherDataLatLong
INFO: As a frequent flyer, I want to get current weather data for the city at 
	Latitude: -33.865143, Longitude: 151.209900
Mar 05, 2023 7:42:24 PM com.weather.api.automate.LatLongWeatherData TestWeatherDataLatLong
INFO: The current user is a valid Frequent Flyer member
Mar 05, 2023 7:42:25 PM com.weather.api.automate.LatLongWeatherData TestWeatherDataLatLong
INFO: Temperature for the given lat long is:24.4
]]></system-err>
  </testcase>
</testsuite>