<?xml version="1.0" encoding="UTF-8"?>
<!-- Generated by org.testng.reporters.JUnitReportReporter -->
<testsuite hostname="192-168-1-103.tpgi.com.au" failures="0" tests="1" name="com.weather.api.automate.LatLongWeatherData" time="2.164" errors="0" timestamp="2023-03-05T17:06:38 AEDT" skipped="0">
  <testcase classname="com.weather.api.automate.LatLongWeatherData" name="WeatherDataLatLong" time="2.164"/>
  <system-out/>
</testsuite> <!-- com.weather.api.automate.LatLongWeatherData -->
