<?xml version="1.0" encoding="UTF-8"?>
<!-- Generated by org.testng.reporters.JUnitReportReporter -->
<testsuite hostname="192-168-1-103.tpgi.com.au" failures="0" tests="1" name="com.weather.api.automate.LatLongWeatherData" time="2.085" errors="0" timestamp="2023-03-06T06:34:02 AEDT" skipped="0">
  <testcase classname="com.weather.api.automate.LatLongWeatherData" name="TestWeatherDataLatLong" time="2.085"/>
  <system-out/>
</testsuite> <!-- com.weather.api.automate.LatLongWeatherData -->
