<?xml version="1.0" encoding="UTF-8"?>
<!-- Generated by org.testng.reporters.JUnitReportReporter -->
<testsuite hostname="192-168-1-103.tpgi.com.au" failures="0" tests="1" name="com.weather.api.automate.CitiesWeatherDataTest" time="10.217" errors="0" timestamp="2023-03-06T06:21:28 AEDT" skipped="0">
  <testcase classname="com.weather.api.automate.CitiesWeatherDataTest" name="TestWeatherForMultipleCities" time="10.217"/>
  <system-out/>
</testsuite> <!-- com.weather.api.automate.CitiesWeatherDataTest -->
